<?xml version="1.0" encoding="UTF-8"?>
<!-- Generated by org.testng.reporters.JUnitReportReporter -->
<testsuite hostname="DESKTOP-TUPVABV" failures="0" tests="1" name="POM.ExecuteDWSHomePage" time="20.799" errors="0" timestamp="2024-02-01T11:44:34 IST" skipped="0">
  <testcase classname="POM.ExecuteDWSHomePage" name="reciver" time="20.799"/>
</testsuite> <!-- POM.ExecuteDWSHomePage -->
